# Logfile created on 2015-06-08 17:03:05 +0800 by logger.rb/44203
I, [2015-06-08 17:03:05#10850]  INFO -- : SUCCESS, Image /ROR/image/admin/astronaut.jpg Create Success!!
I, [2015-06-08 20:50:47#10982]  INFO -- : SUCCESS, success!!
I, [2015-06-08 20:50:47#10982]  INFO -- : SUCCESS, success!!
I, [2015-06-08 21:01:56#11003]  INFO -- : SUCCESS, success!!
I, [2015-06-08 21:02:21#11003]  INFO -- : SUCCESS, success!!
I, [2015-06-08 22:27:55#11094]  INFO -- : SUCCESS, /ROR/image/admin/astronaut.jpg
I, [2015-06-08 22:29:02#11094]  INFO -- : SUCCESS, /ROR/image/admin/astronaut.jpg
I, [2015-06-08 22:32:37#11107]  INFO -- : SUCCESS, /ROR/image/admin/astronaut.jpg
I, [2015-06-08 22:33:47#11113]  INFO -- : SUCCESS, /ROR/image/admin/astronaut.jpg
I, [2015-06-08 22:35:01#11119]  INFO -- : SUCCESS, /ROR/image/admin/1/00004.jpg
I, [2015-06-08 23:13:06#11145]  INFO -- : ERROR, Image file 22 not exist!!
I, [2015-06-08 23:13:48#11145]  INFO -- : SUCCESS, /ROR/image/admin/1/00004.jpg
I, [2015-06-10 21:21:25#17108]  INFO -- : ERROR, Wrong user name admin or password!!
I, [2015-06-10 21:28:52#17439]  INFO -- : SUCCESS, New user 12345 create success!!
I, [2015-06-10 21:29:31#17439]  INFO -- : ERROR, Wrong user name admin1!!
I, [2015-06-10 21:29:47#17439]  INFO -- : ERROR, User:admin, wrong password!!
I, [2015-06-10 21:30:00#17439]  INFO -- : ERROR, User name 12345 already exist!!
I, [2015-06-10 21:30:34#17439]  INFO -- : SUCCESS, User 12345 be deleted!!
I, [2015-06-10 21:30:38#17439]  INFO -- : ERROR, User 12345 non-exist!!
I, [2015-06-10 21:31:04#17439]  INFO -- : ERROR, User 12345 non-exist!!
I, [2015-06-10 21:31:09#17439]  INFO -- : ERROR, User:admin, wrong password!!
I, [2015-06-10 21:31:28#17439]  INFO -- : SUCCESS, New user 12345 create success!!
I, [2015-06-12 03:16:19#4745]  INFO -- : ERROR, No image for user:admin, album:1!!
I, [2015-06-12 03:20:11#5687]  INFO -- : SUCCESS, Image /ROR/image/admin/19/00001.jpg Create Success!!
I, [2015-06-12 03:20:11#5687]  INFO -- : SUCCESS, Image /ROR/image/admin/14/00001.jpg Create Success!!
I, [2015-06-12 03:20:11#5687]  INFO -- : SUCCESS, Image /ROR/image/admin/12/00001.jpg Create Success!!
I, [2015-06-12 03:20:11#5687]  INFO -- : SUCCESS, Image /ROR/image/admin/8/00001.jpg Create Success!!
I, [2015-06-12 03:20:12#5687]  INFO -- : SUCCESS, Image /ROR/image/admin/15/00001.jpg Create Success!!
I, [2015-06-12 03:20:12#5687]  INFO -- : SUCCESS, Image /ROR/image/admin/9/00001.jpg Create Success!!
I, [2015-06-12 03:20:12#5687]  INFO -- : SUCCESS, Image /ROR/image/admin/16/00001.jpg Create Success!!
I, [2015-06-12 03:20:13#5687]  INFO -- : SUCCESS, Image /ROR/image/admin/17/00001.jpg Create Success!!
I, [2015-06-12 03:20:13#5687]  INFO -- : SUCCESS, Image /ROR/image/admin/33/00001.jpg Create Success!!
I, [2015-06-12 03:20:13#5687]  INFO -- : SUCCESS, Image /ROR/image/admin/0/00001.jpg Create Success!!
I, [2015-06-12 03:20:13#5687]  INFO -- : SUCCESS, Image /ROR/image/admin/55/00001.jpg Create Success!!
I, [2015-06-12 03:20:14#5687]  INFO -- : SUCCESS, Image /ROR/image/admin/47/00001.jpg Create Success!!
I, [2015-06-12 03:20:14#5687]  INFO -- : SUCCESS, Image /ROR/image/admin/103/00001.jpg Create Success!!
I, [2015-06-12 03:20:14#5687]  INFO -- : SUCCESS, Image /ROR/image/admin/65/00001.jpg Create Success!!
I, [2015-06-12 03:20:14#5687]  INFO -- : SUCCESS, Image /ROR/image/admin/13/00001.jpg Create Success!!
I, [2015-06-12 03:20:14#5687]  INFO -- : SUCCESS, Image /ROR/image/admin/46/00001.jpg Create Success!!
I, [2015-06-12 03:20:15#5687]  INFO -- : SUCCESS, Image /ROR/image/admin/108/00001.jpg Create Success!!
I, [2015-06-12 03:20:15#5687]  INFO -- : SUCCESS, Image /ROR/image/admin/72/00001.jpg Create Success!!
I, [2015-06-12 03:20:15#5687]  INFO -- : SUCCESS, Image /ROR/image/admin/10/00001.jpg Create Success!!
I, [2015-06-12 03:20:15#5687]  INFO -- : SUCCESS, Image /ROR/image/admin/97/00001.jpg Create Success!!
I, [2015-06-12 03:20:16#5687]  INFO -- : SUCCESS, Image /ROR/image/admin/180/00001.jpg Create Success!!
I, [2015-06-12 03:20:16#5687]  INFO -- : SUCCESS, Image /ROR/image/admin/176/00001.jpg Create Success!!
I, [2015-06-12 03:20:16#5687]  INFO -- : SUCCESS, Image /ROR/image/admin/160/00001.jpg Create Success!!
I, [2015-06-12 03:20:16#5687]  INFO -- : SUCCESS, Image /ROR/image/admin/141/00001.jpg Create Success!!
I, [2015-06-12 03:20:16#5687]  INFO -- : SUCCESS, Image /ROR/image/admin/190/00001.jpg Create Success!!
I, [2015-06-12 03:20:16#5687]  INFO -- : SUCCESS, Image /ROR/image/admin/53/00001.jpg Create Success!!
I, [2015-06-12 03:20:17#5687]  INFO -- : SUCCESS, Image /ROR/image/admin/18/00001.jpg Create Success!!
I, [2015-06-12 03:20:17#5687]  INFO -- : SUCCESS, Image /ROR/image/admin/58/00001.jpg Create Success!!
I, [2015-06-12 03:20:17#5687]  INFO -- : SUCCESS, Image /ROR/image/admin/61/00001.jpg Create Success!!
I, [2015-06-12 03:20:17#5687]  INFO -- : SUCCESS, Image /ROR/image/admin/85/00001.jpg Create Success!!
I, [2015-06-12 03:20:17#5687]  INFO -- : SUCCESS, Image /ROR/image/admin/123/00001.jpg Create Success!!
I, [2015-06-12 03:20:17#5687]  INFO -- : SUCCESS, Image /ROR/image/admin/95/00001.jpg Create Success!!
I, [2015-06-12 03:20:17#5687]  INFO -- : SUCCESS, Image /ROR/image/admin/143/00001.jpg Create Success!!
I, [2015-06-12 03:20:18#5687]  INFO -- : SUCCESS, Image /ROR/image/admin/124/00001.jpg Create Success!!
I, [2015-06-12 03:20:18#5687]  INFO -- : SUCCESS, Image /ROR/image/admin/181/00001.jpg Create Success!!
I, [2015-06-12 03:20:18#5687]  INFO -- : SUCCESS, Image /ROR/image/admin/48/00001.jpg Create Success!!
I, [2015-06-12 03:20:18#5687]  INFO -- : SUCCESS, Image /ROR/image/admin/149/00001.jpg Create Success!!
I, [2015-06-12 03:20:18#5687]  INFO -- : SUCCESS, Image /ROR/image/admin/106/00001.jpg Create Success!!
I, [2015-06-12 03:20:18#5687]  INFO -- : SUCCESS, Image /ROR/image/admin/195/00001.jpg Create Success!!
I, [2015-06-12 03:20:18#5687]  INFO -- : SUCCESS, Image /ROR/image/admin/45/00001.jpg Create Success!!
I, [2015-06-12 03:20:18#5687]  INFO -- : SUCCESS, Image /ROR/image/admin/197/00001.jpg Create Success!!
I, [2015-06-12 03:20:18#5687]  INFO -- : SUCCESS, Image /ROR/image/admin/71/00001.jpg Create Success!!
I, [2015-06-12 03:20:19#5687]  INFO -- : SUCCESS, Image /ROR/image/admin/198/00001.jpg Create Success!!
I, [2015-06-12 03:20:19#5687]  INFO -- : SUCCESS, Image /ROR/image/admin/140/00001.jpg Create Success!!
I, [2015-06-12 03:20:19#5687]  INFO -- : SUCCESS, Image /ROR/image/admin/102/00001.jpg Create Success!!
I, [2015-06-12 03:20:19#5687]  INFO -- : SUCCESS, Image /ROR/image/admin/52/00001.jpg Create Success!!
I, [2015-06-12 03:20:19#5687]  INFO -- : SUCCESS, Image /ROR/image/admin/158/00001.jpg Create Success!!
I, [2015-06-12 03:20:20#5687]  INFO -- : SUCCESS, Image /ROR/image/admin/146/00001.jpg Create Success!!
I, [2015-06-12 03:20:20#5687]  INFO -- : SUCCESS, Image /ROR/image/admin/28/00001.jpg Create Success!!
I, [2015-06-12 03:20:20#5687]  INFO -- : SUCCESS, Image /ROR/image/admin/82/00001.jpg Create Success!!
I, [2015-06-12 03:20:20#5687]  INFO -- : SUCCESS, Image /ROR/image/admin/24/00001.jpg Create Success!!
I, [2015-06-12 03:20:20#5687]  INFO -- : SUCCESS, Image /ROR/image/admin/166/00001.jpg Create Success!!
I, [2015-06-12 03:20:20#5687]  INFO -- : SUCCESS, Image /ROR/image/admin/179/00001.jpg Create Success!!
I, [2015-06-12 03:20:20#5687]  INFO -- : SUCCESS, Image /ROR/image/admin/162/00001.jpg Create Success!!
I, [2015-06-12 03:20:20#5687]  INFO -- : SUCCESS, Image /ROR/image/admin/73/00001.jpg Create Success!!
I, [2015-06-12 03:20:20#5687]  INFO -- : SUCCESS, Image /ROR/image/admin/76/00001.jpg Create Success!!
I, [2015-06-12 03:20:20#5687]  INFO -- : SUCCESS, Image /ROR/image/admin/155/00001.jpg Create Success!!
I, [2015-06-12 03:20:21#5687]  INFO -- : SUCCESS, Image /ROR/image/admin/193/00001.jpg Create Success!!
I, [2015-06-12 03:20:21#5687]  INFO -- : SUCCESS, Image /ROR/image/admin/199/00001.jpg Create Success!!
I, [2015-06-12 03:20:21#5687]  INFO -- : SUCCESS, Image /ROR/image/admin/2/00001.jpg Create Success!!
I, [2015-06-12 03:20:21#5687]  INFO -- : SUCCESS, Image /ROR/image/admin/167/00001.jpg Create Success!!
I, [2015-06-12 03:20:21#5687]  INFO -- : SUCCESS, Image /ROR/image/admin/1/00001.jpg Create Success!!
I, [2015-06-12 03:20:21#5687]  INFO -- : SUCCESS, Image /ROR/image/admin/27/00001.jpg Create Success!!
I, [2015-06-12 03:20:21#5687]  INFO -- : SUCCESS, Image /ROR/image/admin/59/00001.jpg Create Success!!
I, [2015-06-12 03:20:21#5687]  INFO -- : SUCCESS, Image /ROR/image/admin/194/00001.jpg Create Success!!
I, [2015-06-12 03:20:21#5687]  INFO -- : SUCCESS, Image /ROR/image/admin/125/00001.jpg Create Success!!
I, [2015-06-12 03:20:22#5687]  INFO -- : SUCCESS, Image /ROR/image/admin/7/00001.jpg Create Success!!
I, [2015-06-12 03:20:22#5687]  INFO -- : SUCCESS, Image /ROR/image/admin/30/00001.jpg Create Success!!
I, [2015-06-12 03:20:22#5687]  INFO -- : SUCCESS, Image /ROR/image/admin/177/00001.jpg Create Success!!
I, [2015-06-12 03:20:22#5687]  INFO -- : SUCCESS, Image /ROR/image/admin/129/00001.jpg Create Success!!
I, [2015-06-12 03:20:22#5687]  INFO -- : SUCCESS, Image /ROR/image/admin/153/00001.jpg Create Success!!
I, [2015-06-12 03:20:22#5687]  INFO -- : SUCCESS, Image /ROR/image/admin/21/00001.jpg Create Success!!
I, [2015-06-12 03:20:22#5687]  INFO -- : SUCCESS, Image /ROR/image/admin/138/00001.jpg Create Success!!
I, [2015-06-12 03:20:22#5687]  INFO -- : SUCCESS, Image /ROR/image/admin/41/00001.jpg Create Success!!
I, [2015-06-12 03:20:22#5687]  INFO -- : SUCCESS, Image /ROR/image/admin/132/00001.jpg Create Success!!
I, [2015-06-12 03:20:23#5687]  INFO -- : SUCCESS, Image /ROR/image/admin/163/00001.jpg Create Success!!
I, [2015-06-12 03:20:23#5687]  INFO -- : SUCCESS, Image /ROR/image/admin/170/00001.jpg Create Success!!
I, [2015-06-12 03:20:23#5687]  INFO -- : SUCCESS, Image /ROR/image/admin/57/00001.jpg Create Success!!
I, [2015-06-12 03:20:23#5687]  INFO -- : SUCCESS, Image /ROR/image/admin/79/00001.jpg Create Success!!
I, [2015-06-12 03:20:23#5687]  INFO -- : SUCCESS, Image /ROR/image/admin/109/00001.jpg Create Success!!
I, [2015-06-12 03:20:23#5687]  INFO -- : SUCCESS, Image /ROR/image/admin/116/00001.jpg Create Success!!
I, [2015-06-12 03:20:23#5687]  INFO -- : SUCCESS, Image /ROR/image/admin/110/00001.jpg Create Success!!
I, [2015-06-12 03:20:23#5687]  INFO -- : SUCCESS, Image /ROR/image/admin/77/00001.jpg Create Success!!
I, [2015-06-12 03:20:23#5687]  INFO -- : SUCCESS, Image /ROR/image/admin/23/00001.jpg Create Success!!
I, [2015-06-12 03:20:24#5687]  INFO -- : SUCCESS, Image /ROR/image/admin/107/00001.jpg Create Success!!
I, [2015-06-12 03:20:24#5687]  INFO -- : SUCCESS, Image /ROR/image/admin/40/00001.jpg Create Success!!
I, [2015-06-12 03:20:24#5687]  INFO -- : SUCCESS, Image /ROR/image/admin/75/00001.jpg Create Success!!
I, [2015-06-12 03:20:24#5687]  INFO -- : SUCCESS, Image /ROR/image/admin/171/00001.jpg Create Success!!
I, [2015-06-12 03:20:24#5687]  INFO -- : SUCCESS, Image /ROR/image/admin/91/00001.jpg Create Success!!
I, [2015-06-12 03:20:24#5687]  INFO -- : SUCCESS, Image /ROR/image/admin/26/00001.jpg Create Success!!
I, [2015-06-12 03:20:24#5687]  INFO -- : SUCCESS, Image /ROR/image/admin/185/00001.jpg Create Success!!
I, [2015-06-12 03:20:24#5687]  INFO -- : SUCCESS, Image /ROR/image/admin/42/00001.jpg Create Success!!
I, [2015-06-12 03:20:24#5687]  INFO -- : SUCCESS, Image /ROR/image/admin/90/00001.jpg Create Success!!
I, [2015-06-12 03:20:25#5687]  INFO -- : SUCCESS, Image /ROR/image/admin/29/00001.jpg Create Success!!
I, [2015-06-12 03:20:25#5687]  INFO -- : SUCCESS, Image /ROR/image/admin/122/00001.jpg Create Success!!
I, [2015-06-12 03:20:25#5687]  INFO -- : SUCCESS, Image /ROR/image/admin/31/00001.jpg Create Success!!
I, [2015-06-12 03:20:25#5687]  INFO -- : SUCCESS, Image /ROR/image/admin/87/00001.jpg Create Success!!
I, [2015-06-12 03:20:25#5687]  INFO -- : SUCCESS, Image /ROR/image/admin/145/00001.jpg Create Success!!
I, [2015-06-12 03:20:25#5687]  INFO -- : SUCCESS, Image /ROR/image/admin/84/00001.jpg Create Success!!
I, [2015-06-12 03:20:25#5687]  INFO -- : SUCCESS, Image /ROR/image/admin/178/00001.jpg Create Success!!
I, [2015-06-12 03:20:26#5687]  INFO -- : SUCCESS, Image /ROR/image/admin/134/00001.jpg Create Success!!
I, [2015-06-12 03:20:26#5687]  INFO -- : SUCCESS, Image /ROR/image/admin/50/00001.jpg Create Success!!
I, [2015-06-12 03:20:26#5687]  INFO -- : SUCCESS, Image /ROR/image/admin/111/00001.jpg Create Success!!
I, [2015-06-12 03:20:26#5687]  INFO -- : SUCCESS, Image /ROR/image/admin/173/00001.jpg Create Success!!
I, [2015-06-12 03:20:26#5687]  INFO -- : SUCCESS, Image /ROR/image/admin/60/00001.jpg Create Success!!
I, [2015-06-12 03:20:26#5687]  INFO -- : SUCCESS, Image /ROR/image/admin/128/00001.jpg Create Success!!
I, [2015-06-12 03:20:26#5687]  INFO -- : SUCCESS, Image /ROR/image/admin/11/00001.jpg Create Success!!
I, [2015-06-12 03:20:26#5687]  INFO -- : SUCCESS, Image /ROR/image/admin/86/00001.jpg Create Success!!
I, [2015-06-12 03:20:27#5687]  INFO -- : SUCCESS, Image /ROR/image/admin/37/00001.jpg Create Success!!
I, [2015-06-12 03:20:27#5687]  INFO -- : SUCCESS, Image /ROR/image/admin/101/00001.jpg Create Success!!
I, [2015-06-12 03:20:27#5687]  INFO -- : SUCCESS, Image /ROR/image/admin/183/00001.jpg Create Success!!
I, [2015-06-12 03:20:27#5687]  INFO -- : SUCCESS, Image /ROR/image/admin/100/00001.jpg Create Success!!
I, [2015-06-12 03:20:27#5687]  INFO -- : SUCCESS, Image /ROR/image/admin/189/00001.jpg Create Success!!
I, [2015-06-12 03:20:27#5687]  INFO -- : SUCCESS, Image /ROR/image/admin/98/00001.jpg Create Success!!
I, [2015-06-12 03:20:27#5687]  INFO -- : SUCCESS, Image /ROR/image/admin/34/00001.jpg Create Success!!
I, [2015-06-12 03:20:27#5687]  INFO -- : SUCCESS, Image /ROR/image/admin/117/00001.jpg Create Success!!
I, [2015-06-12 03:20:27#5687]  INFO -- : SUCCESS, Image /ROR/image/admin/67/00001.jpg Create Success!!
I, [2015-06-12 03:20:28#5687]  INFO -- : SUCCESS, Image /ROR/image/admin/81/00001.jpg Create Success!!
I, [2015-06-12 03:20:28#5687]  INFO -- : SUCCESS, Image /ROR/image/admin/182/00001.jpg Create Success!!
I, [2015-06-12 03:20:28#5687]  INFO -- : SUCCESS, Image /ROR/image/admin/154/00001.jpg Create Success!!
I, [2015-06-12 03:20:28#5687]  INFO -- : SUCCESS, Image /ROR/image/admin/188/00001.jpg Create Success!!
I, [2015-06-12 03:20:28#5687]  INFO -- : SUCCESS, Image /ROR/image/admin/35/00001.jpg Create Success!!
I, [2015-06-12 03:20:28#5687]  INFO -- : SUCCESS, Image /ROR/image/admin/36/00001.jpg Create Success!!
I, [2015-06-12 03:20:28#5687]  INFO -- : SUCCESS, Image /ROR/image/admin/133/00001.jpg Create Success!!
I, [2015-06-12 03:20:29#5687]  INFO -- : SUCCESS, Image /ROR/image/admin/62/00001.jpg Create Success!!
I, [2015-06-12 03:20:29#5687]  INFO -- : SUCCESS, Image /ROR/image/admin/112/00001.jpg Create Success!!
I, [2015-06-12 03:20:29#5687]  INFO -- : SUCCESS, Image /ROR/image/admin/74/00001.jpg Create Success!!
I, [2015-06-12 03:20:29#5687]  INFO -- : SUCCESS, Image /ROR/image/admin/165/00001.jpg Create Success!!
I, [2015-06-12 03:20:29#5687]  INFO -- : SUCCESS, Image /ROR/image/admin/88/00001.jpg Create Success!!
I, [2015-06-12 03:20:29#5687]  INFO -- : SUCCESS, Image /ROR/image/admin/38/00001.jpg Create Success!!
I, [2015-06-12 03:20:29#5687]  INFO -- : SUCCESS, Image /ROR/image/admin/69/00001.jpg Create Success!!
I, [2015-06-12 03:20:29#5687]  INFO -- : SUCCESS, Image /ROR/image/admin/4/00001.jpg Create Success!!
I, [2015-06-12 03:20:30#5687]  INFO -- : SUCCESS, Image /ROR/image/admin/130/00001.jpg Create Success!!
I, [2015-06-12 03:20:30#5687]  INFO -- : SUCCESS, Image /ROR/image/admin/99/00001.jpg Create Success!!
I, [2015-06-12 03:20:30#5687]  INFO -- : SUCCESS, Image /ROR/image/admin/147/00001.jpg Create Success!!
I, [2015-06-12 03:20:30#5687]  INFO -- : SUCCESS, Image /ROR/image/admin/136/00001.jpg Create Success!!
I, [2015-06-12 03:20:30#5687]  INFO -- : SUCCESS, Image /ROR/image/admin/51/00001.jpg Create Success!!
I, [2015-06-12 03:20:30#5687]  INFO -- : SUCCESS, Image /ROR/image/admin/187/00001.jpg Create Success!!
I, [2015-06-12 03:20:31#5687]  INFO -- : SUCCESS, Image /ROR/image/admin/93/00001.jpg Create Success!!
I, [2015-06-12 03:20:31#5687]  INFO -- : SUCCESS, Image /ROR/image/admin/105/00001.jpg Create Success!!
I, [2015-06-12 03:20:31#5687]  INFO -- : SUCCESS, Image /ROR/image/admin/168/00001.jpg Create Success!!
I, [2015-06-12 03:20:31#5687]  INFO -- : SUCCESS, Image /ROR/image/admin/184/00001.jpg Create Success!!
I, [2015-06-12 03:20:31#5687]  INFO -- : SUCCESS, Image /ROR/image/admin/5/00001.jpg Create Success!!
I, [2015-06-12 03:20:31#5687]  INFO -- : SUCCESS, Image /ROR/image/admin/139/00001.jpg Create Success!!
I, [2015-06-12 03:20:31#5687]  INFO -- : SUCCESS, Image /ROR/image/admin/126/00001.jpg Create Success!!
I, [2015-06-12 03:20:32#5687]  INFO -- : SUCCESS, Image /ROR/image/admin/135/00001.jpg Create Success!!
I, [2015-06-12 03:20:32#5687]  INFO -- : SUCCESS, Image /ROR/image/admin/164/00001.jpg Create Success!!
I, [2015-06-12 03:20:32#5687]  INFO -- : SUCCESS, Image /ROR/image/admin/56/00001.jpg Create Success!!
I, [2015-06-12 03:20:32#5687]  INFO -- : SUCCESS, Image /ROR/image/admin/66/00001.jpg Create Success!!
I, [2015-06-12 03:20:32#5687]  INFO -- : SUCCESS, Image /ROR/image/admin/92/00001.jpg Create Success!!
I, [2015-06-12 03:20:32#5687]  INFO -- : SUCCESS, Image /ROR/image/admin/32/00001.jpg Create Success!!
I, [2015-06-12 03:20:33#5687]  INFO -- : SUCCESS, Image /ROR/image/admin/96/00001.jpg Create Success!!
I, [2015-06-12 03:20:33#5687]  INFO -- : SUCCESS, Image /ROR/image/admin/3/00001.jpg Create Success!!
I, [2015-06-12 03:20:33#5687]  INFO -- : SUCCESS, Image /ROR/image/admin/196/00001.jpg Create Success!!
I, [2015-06-12 03:20:33#5687]  INFO -- : SUCCESS, Image /ROR/image/admin/14/00002.jpg Create Success!!
I, [2015-06-12 03:20:33#5687]  INFO -- : SUCCESS, Image /ROR/image/admin/83/00001.jpg Create Success!!
I, [2015-06-12 03:20:33#5687]  INFO -- : SUCCESS, Image /ROR/image/admin/15/00002.jpg Create Success!!
I, [2015-06-12 03:20:33#5687]  INFO -- : SUCCESS, Image /ROR/image/admin/70/00001.jpg Create Success!!
I, [2015-06-12 03:20:33#5687]  INFO -- : SUCCESS, Image /ROR/image/admin/113/00001.jpg Create Success!!
I, [2015-06-12 03:20:33#5687]  INFO -- : SUCCESS, Image /ROR/image/admin/16/00002.jpg Create Success!!
I, [2015-06-12 03:20:33#5687]  INFO -- : SUCCESS, Image /ROR/image/admin/33/00002.jpg Create Success!!
I, [2015-06-12 03:20:34#5687]  INFO -- : SUCCESS, Image /ROR/image/admin/63/00001.jpg Create Success!!
I, [2015-06-12 03:20:34#5687]  INFO -- : SUCCESS, Image /ROR/image/admin/80/00001.jpg Create Success!!
I, [2015-06-12 03:20:35#5687]  INFO -- : SUCCESS, Image /ROR/image/admin/174/00001.jpg Create Success!!
I, [2015-06-12 03:20:35#5687]  INFO -- : SUCCESS, Image /ROR/image/admin/104/00001.jpg Create Success!!
I, [2015-06-12 03:20:35#5687]  INFO -- : SUCCESS, Image /ROR/image/admin/131/00001.jpg Create Success!!
I, [2015-06-12 03:20:35#5687]  INFO -- : SUCCESS, Image /ROR/image/admin/191/00001.jpg Create Success!!
I, [2015-06-12 03:20:35#5687]  INFO -- : SUCCESS, Image /ROR/image/admin/55/00002.jpg Create Success!!
I, [2015-06-12 03:20:35#5687]  INFO -- : SUCCESS, Image /ROR/image/admin/19/00002.jpg Create Success!!
I, [2015-06-12 03:20:35#5687]  INFO -- : SUCCESS, Image /ROR/image/admin/10/00002.jpg Create Success!!
I, [2015-06-12 03:20:36#5687]  INFO -- : SUCCESS, Image /ROR/image/admin/43/00001.jpg Create Success!!
I, [2015-06-12 03:20:36#5687]  INFO -- : SUCCESS, Image /ROR/image/admin/175/00001.jpg Create Success!!
I, [2015-06-12 03:20:36#5687]  INFO -- : SUCCESS, Image /ROR/image/admin/72/00002.jpg Create Success!!
I, [2015-06-12 03:20:36#5687]  INFO -- : SUCCESS, Image /ROR/image/admin/137/00001.jpg Create Success!!
I, [2015-06-12 03:20:36#5687]  INFO -- : SUCCESS, Image /ROR/image/admin/12/00002.jpg Create Success!!
I, [2015-06-12 03:20:36#5687]  INFO -- : SUCCESS, Image /ROR/image/admin/68/00001.jpg Create Success!!
I, [2015-06-12 03:20:36#5687]  INFO -- : SUCCESS, Image /ROR/image/admin/152/00001.jpg Create Success!!
I, [2015-06-12 03:20:36#5687]  INFO -- : SUCCESS, Image /ROR/image/admin/176/00002.jpg Create Success!!
I, [2015-06-12 03:20:36#5687]  INFO -- : SUCCESS, Image /ROR/image/admin/150/00001.jpg Create Success!!
I, [2015-06-12 03:20:37#5687]  INFO -- : SUCCESS, Image /ROR/image/admin/143/00002.jpg Create Success!!
I, [2015-06-12 03:20:37#5687]  INFO -- : SUCCESS, Image /ROR/image/admin/22/00001.jpg Create Success!!
I, [2015-06-12 03:20:37#5687]  INFO -- : SUCCESS, Image /ROR/image/admin/151/00001.jpg Create Success!!
I, [2015-06-12 03:20:37#5687]  INFO -- : SUCCESS, Image /ROR/image/admin/142/00001.jpg Create Success!!
I, [2015-06-12 03:20:37#5687]  INFO -- : SUCCESS, Image /ROR/image/admin/156/00001.jpg Create Success!!
I, [2015-06-12 03:20:37#5687]  INFO -- : SUCCESS, Image /ROR/image/admin/181/00002.jpg Create Success!!
I, [2015-06-12 03:20:37#5687]  INFO -- : SUCCESS, Image /ROR/image/admin/58/00002.jpg Create Success!!
I, [2015-06-12 03:20:38#5687]  INFO -- : SUCCESS, Image /ROR/image/admin/20/00001.jpg Create Success!!
I, [2015-06-12 03:20:38#5687]  INFO -- : SUCCESS, Image /ROR/image/admin/127/00001.jpg Create Success!!
I, [2015-06-12 03:20:38#5687]  INFO -- : SUCCESS, Image /ROR/image/admin/85/00002.jpg Create Success!!
I, [2015-06-12 03:20:38#5687]  INFO -- : SUCCESS, Image /ROR/image/admin/108/00002.jpg Create Success!!
I, [2015-06-12 03:20:38#5687]  INFO -- : SUCCESS, Image /ROR/image/admin/161/00001.jpg Create Success!!
I, [2015-06-12 03:20:38#5687]  INFO -- : SUCCESS, Image /ROR/image/admin/186/00001.jpg Create Success!!
I, [2015-06-12 03:20:38#5687]  INFO -- : SUCCESS, Image /ROR/image/admin/45/00002.jpg Create Success!!
I, [2015-06-12 03:20:38#5687]  INFO -- : SUCCESS, Image /ROR/image/admin/124/00002.jpg Create Success!!
I, [2015-06-12 03:20:38#5687]  INFO -- : SUCCESS, Image /ROR/image/admin/195/00002.jpg Create Success!!
I, [2015-06-12 03:20:38#5687]  INFO -- : SUCCESS, Image /ROR/image/admin/64/00001.jpg Create Success!!
I, [2015-06-12 03:20:39#5687]  INFO -- : SUCCESS, Image /ROR/image/admin/149/00002.jpg Create Success!!
I, [2015-06-12 03:20:39#5687]  INFO -- : SUCCESS, Image /ROR/image/admin/140/00002.jpg Create Success!!
I, [2015-06-12 03:20:39#5687]  INFO -- : SUCCESS, Image /ROR/image/admin/114/00001.jpg Create Success!!
I, [2015-06-12 03:20:39#5687]  INFO -- : SUCCESS, Image /ROR/image/admin/102/00002.jpg Create Success!!
I, [2015-06-12 03:20:39#5687]  INFO -- : SUCCESS, Image /ROR/image/admin/8/00002.jpg Create Success!!
I, [2015-06-12 03:20:39#5687]  INFO -- : SUCCESS, Image /ROR/image/admin/146/00002.jpg Create Success!!
I, [2015-06-12 03:20:39#5687]  INFO -- : SUCCESS, Image /ROR/image/admin/9/00002.jpg Create Success!!
I, [2015-06-12 03:20:39#5687]  INFO -- : SUCCESS, Image /ROR/image/admin/157/00001.jpg Create Success!!
I, [2015-06-12 03:20:39#5687]  INFO -- : SUCCESS, Image /ROR/image/admin/54/00001.jpg Create Success!!
I, [2015-06-12 03:20:39#5687]  INFO -- : SUCCESS, Image /ROR/image/admin/52/00002.jpg Create Success!!
I, [2015-06-12 03:20:40#5687]  INFO -- : SUCCESS, Image /ROR/image/admin/24/00002.jpg Create Success!!
I, [2015-06-12 03:20:40#5687]  INFO -- : SUCCESS, Image /ROR/image/admin/179/00002.jpg Create Success!!
I, [2015-06-12 03:20:40#5687]  INFO -- : SUCCESS, Image /ROR/image/admin/17/00002.jpg Create Success!!
I, [2015-06-12 03:20:40#5687]  INFO -- : SUCCESS, Image /ROR/image/admin/47/00002.jpg Create Success!!
I, [2015-06-12 03:20:40#5687]  INFO -- : SUCCESS, Image /ROR/image/admin/73/00002.jpg Create Success!!
I, [2015-06-12 03:20:40#5687]  INFO -- : SUCCESS, Image /ROR/image/admin/6/00001.jpg Create Success!!
I, [2015-06-12 03:20:40#5687]  INFO -- : SUCCESS, Image /ROR/image/admin/103/00002.jpg Create Success!!
I, [2015-06-12 03:20:40#5687]  INFO -- : SUCCESS, Image /ROR/image/admin/94/00001.jpg Create Success!!
I, [2015-06-12 03:20:41#5687]  INFO -- : SUCCESS, Image /ROR/image/admin/155/00002.jpg Create Success!!
I, [2015-06-12 03:20:41#5687]  INFO -- : SUCCESS, Image /ROR/image/admin/193/00002.jpg Create Success!!
I, [2015-06-12 03:20:41#5687]  INFO -- : SUCCESS, Image /ROR/image/admin/46/00002.jpg Create Success!!
I, [2015-06-12 03:20:41#5687]  INFO -- : SUCCESS, Image /ROR/image/admin/167/00002.jpg Create Success!!
I, [2015-06-12 03:20:41#5687]  INFO -- : SUCCESS, Image /ROR/image/admin/65/00002.jpg Create Success!!
I, [2015-06-12 03:20:41#5687]  INFO -- : SUCCESS, Image /ROR/image/admin/125/00002.jpg Create Success!!
I, [2015-06-12 03:20:42#5687]  INFO -- : SUCCESS, Image /ROR/image/admin/190/00002.jpg Create Success!!
I, [2015-06-12 03:20:42#5687]  INFO -- : SUCCESS, Image /ROR/image/admin/129/00002.jpg Create Success!!
I, [2015-06-12 03:20:42#5687]  INFO -- : SUCCESS, Image /ROR/image/admin/177/00002.jpg Create Success!!
I, [2015-06-12 03:20:42#5687]  INFO -- : SUCCESS, Image /ROR/image/admin/61/00002.jpg Create Success!!
I, [2015-06-12 03:20:42#5687]  INFO -- : SUCCESS, Image /ROR/image/admin/7/00002.jpg Create Success!!
I, [2015-06-12 03:20:42#5687]  INFO -- : SUCCESS, Image /ROR/image/admin/21/00002.jpg Create Success!!
I, [2015-06-12 03:20:42#5687]  INFO -- : SUCCESS, Image /ROR/image/admin/153/00002.jpg Create Success!!
I, [2015-06-12 03:20:43#5687]  INFO -- : SUCCESS, Image /ROR/image/admin/97/00002.jpg Create Success!!
I, [2015-06-12 03:20:43#5687]  INFO -- : SUCCESS, Image /ROR/image/admin/53/00002.jpg Create Success!!
I, [2015-06-12 03:20:43#5687]  INFO -- : SUCCESS, Image /ROR/image/admin/163/00002.jpg Create Success!!
I, [2015-06-12 03:20:43#5687]  INFO -- : SUCCESS, Image /ROR/image/admin/109/00002.jpg Create Success!!
I, [2015-06-12 03:20:43#5687]  INFO -- : SUCCESS, Image /ROR/image/admin/119/00001.jpg Create Success!!
I, [2015-06-12 03:20:43#5687]  INFO -- : SUCCESS, Image /ROR/image/admin/78/00001.jpg Create Success!!
I, [2015-06-12 03:20:43#5687]  INFO -- : SUCCESS, Image /ROR/image/admin/39/00001.jpg Create Success!!
I, [2015-06-12 03:20:43#5687]  INFO -- : SUCCESS, Image /ROR/image/admin/57/00002.jpg Create Success!!
I, [2015-06-12 03:20:43#5687]  INFO -- : SUCCESS, Image /ROR/image/admin/106/00002.jpg Create Success!!
I, [2015-06-12 03:20:43#5687]  INFO -- : SUCCESS, Image /ROR/image/admin/123/00002.jpg Create Success!!
I, [2015-06-12 03:20:43#5687]  INFO -- : SUCCESS, Image /ROR/image/admin/77/00002.jpg Create Success!!
I, [2015-06-12 03:20:43#5687]  INFO -- : SUCCESS, Image /ROR/image/admin/23/00002.jpg Create Success!!
I, [2015-06-12 03:20:44#5687]  INFO -- : SUCCESS, Image /ROR/image/admin/107/00002.jpg Create Success!!
I, [2015-06-12 03:20:44#5687]  INFO -- : SUCCESS, Image /ROR/image/admin/198/00002.jpg Create Success!!
I, [2015-06-12 03:20:44#5687]  INFO -- : SUCCESS, Image /ROR/image/admin/91/00002.jpg Create Success!!
I, [2015-06-12 03:20:44#5687]  INFO -- : SUCCESS, Image /ROR/image/admin/75/00002.jpg Create Success!!
I, [2015-06-12 03:20:44#5687]  INFO -- : SUCCESS, Image /ROR/image/admin/118/00001.jpg Create Success!!
I, [2015-06-12 03:20:44#5687]  INFO -- : SUCCESS, Image /ROR/image/admin/26/00002.jpg Create Success!!
I, [2015-06-12 03:20:44#5687]  INFO -- : SUCCESS, Image /ROR/image/admin/90/00002.jpg Create Success!!
I, [2015-06-12 03:20:44#5687]  INFO -- : SUCCESS, Image /ROR/image/admin/29/00002.jpg Create Success!!
I, [2015-06-12 03:20:44#5687]  INFO -- : SUCCESS, Image /ROR/image/admin/82/00002.jpg Create Success!!
I, [2015-06-12 03:20:45#5687]  INFO -- : SUCCESS, Image /ROR/image/admin/172/00001.jpg Create Success!!
I, [2015-06-12 03:20:45#5687]  INFO -- : SUCCESS, Image /ROR/image/admin/122/00002.jpg Create Success!!
I, [2015-06-12 03:20:45#5687]  INFO -- : SUCCESS, Image /ROR/image/admin/158/00002.jpg Create Success!!
I, [2015-06-12 03:20:45#5687]  INFO -- : SUCCESS, Image /ROR/image/admin/166/00002.jpg Create Success!!
I, [2015-06-12 03:20:45#5687]  INFO -- : SUCCESS, Image /ROR/image/admin/28/00002.jpg Create Success!!
I, [2015-06-12 03:20:45#5687]  INFO -- : SUCCESS, Image /ROR/image/admin/145/00002.jpg Create Success!!
I, [2015-06-12 03:20:45#5687]  INFO -- : SUCCESS, Image /ROR/image/admin/44/00001.jpg Create Success!!
I, [2015-06-12 03:20:45#5687]  INFO -- : SUCCESS, Image /ROR/image/admin/148/00001.jpg Create Success!!
I, [2015-06-12 03:20:45#5687]  INFO -- : SUCCESS, Image /ROR/image/admin/50/00002.jpg Create Success!!
I, [2015-06-12 03:20:45#5687]  INFO -- : SUCCESS, Image /ROR/image/admin/128/00002.jpg Create Success!!
I, [2015-06-12 03:20:45#5687]  INFO -- : SUCCESS, Image /ROR/image/admin/120/00001.jpg Create Success!!
I, [2015-06-12 03:20:45#5687]  INFO -- : SUCCESS, Image /ROR/image/admin/60/00002.jpg Create Success!!
I, [2015-06-12 03:20:46#5687]  INFO -- : SUCCESS, Image /ROR/image/admin/86/00002.jpg Create Success!!
I, [2015-06-12 03:20:46#5687]  INFO -- : SUCCESS, Image /ROR/image/admin/76/00002.jpg Create Success!!
I, [2015-06-12 03:20:46#5687]  INFO -- : SUCCESS, Image /ROR/image/admin/11/00002.jpg Create Success!!
I, [2015-06-12 03:20:46#5687]  INFO -- : SUCCESS, Image /ROR/image/admin/194/00002.jpg Create Success!!
I, [2015-06-12 03:20:46#5687]  INFO -- : SUCCESS, Image /ROR/image/admin/183/00002.jpg Create Success!!
I, [2015-06-12 03:20:46#5687]  INFO -- : SUCCESS, Image /ROR/image/admin/27/00002.jpg Create Success!!
I, [2015-06-12 03:20:46#5687]  INFO -- : SUCCESS, Image /ROR/image/admin/59/00002.jpg Create Success!!
I, [2015-06-12 03:20:46#5687]  INFO -- : SUCCESS, Image /ROR/image/admin/30/00002.jpg Create Success!!
I, [2015-06-12 03:20:46#5687]  INFO -- : SUCCESS, Image /ROR/image/admin/98/00002.jpg Create Success!!
I, [2015-06-12 03:20:46#5687]  INFO -- : SUCCESS, Image /ROR/image/admin/18/00002.jpg Create Success!!
I, [2015-06-12 03:20:46#5687]  INFO -- : SUCCESS, Image /ROR/image/admin/67/00002.jpg Create Success!!
I, [2015-06-12 03:20:47#5687]  INFO -- : SUCCESS, Image /ROR/image/admin/81/00002.jpg Create Success!!
I, [2015-06-12 03:20:47#5687]  INFO -- : SUCCESS, Image /ROR/image/admin/35/00002.jpg Create Success!!
I, [2015-06-12 03:20:47#5687]  INFO -- : SUCCESS, Image /ROR/image/admin/138/00002.jpg Create Success!!
I, [2015-06-12 03:20:47#5687]  INFO -- : SUCCESS, Image /ROR/image/admin/41/00002.jpg Create Success!!
I, [2015-06-12 03:20:47#5687]  INFO -- : SUCCESS, Image /ROR/image/admin/132/00002.jpg Create Success!!
I, [2015-06-12 03:20:47#5687]  INFO -- : SUCCESS, Image /ROR/image/admin/133/00002.jpg Create Success!!
I, [2015-06-12 03:20:47#5687]  INFO -- : SUCCESS, Image /ROR/image/admin/36/00002.jpg Create Success!!
I, [2015-06-12 03:20:47#5687]  INFO -- : SUCCESS, Image /ROR/image/admin/79/00002.jpg Create Success!!
I, [2015-06-12 03:20:47#5687]  INFO -- : SUCCESS, Image /ROR/image/admin/48/00002.jpg Create Success!!
I, [2015-06-12 03:20:47#5687]  INFO -- : SUCCESS, Image /ROR/image/admin/110/00002.jpg Create Success!!
I, [2015-06-12 03:20:47#5687]  INFO -- : SUCCESS, Image /ROR/image/admin/49/00001.jpg Create Success!!
I, [2015-06-12 03:20:47#5687]  INFO -- : SUCCESS, Image /ROR/image/admin/40/00002.jpg Create Success!!
I, [2015-06-12 03:20:47#5687]  INFO -- : SUCCESS, Image /ROR/image/admin/171/00002.jpg Create Success!!
I, [2015-06-12 03:20:48#5687]  INFO -- : SUCCESS, Image /ROR/image/admin/160/00002.jpg Create Success!!
I, [2015-06-12 03:20:48#5687]  INFO -- : SUCCESS, Image /ROR/image/admin/89/00001.jpg Create Success!!
I, [2015-06-12 03:20:48#5687]  INFO -- : SUCCESS, Image /ROR/image/admin/87/00002.jpg Create Success!!
I, [2015-06-12 03:20:48#5687]  INFO -- : SUCCESS, Image /ROR/image/admin/169/00001.jpg Create Success!!
I, [2015-06-12 03:20:48#5687]  INFO -- : SUCCESS, Image /ROR/image/admin/178/00002.jpg Create Success!!
I, [2015-06-12 03:20:48#5687]  INFO -- : SUCCESS, Image /ROR/image/admin/84/00002.jpg Create Success!!
I, [2015-06-12 03:20:48#5687]  INFO -- : SUCCESS, Image /ROR/image/admin/13/00002.jpg Create Success!!
I, [2015-06-12 03:20:48#5687]  INFO -- : SUCCESS, Image /ROR/image/admin/111/00002.jpg Create Success!!
I, [2015-06-12 03:20:48#5687]  INFO -- : SUCCESS, Image /ROR/image/admin/199/00002.jpg Create Success!!
I, [2015-06-12 03:20:48#5687]  INFO -- : SUCCESS, Image /ROR/image/admin/141/00002.jpg Create Success!!
I, [2015-06-12 03:20:49#5687]  INFO -- : SUCCESS, Image /ROR/image/admin/101/00002.jpg Create Success!!
I, [2015-06-12 03:20:49#5687]  INFO -- : SUCCESS, Image /ROR/image/admin/192/00001.jpg Create Success!!
I, [2015-06-12 03:20:49#5687]  INFO -- : SUCCESS, Image /ROR/image/admin/189/00002.jpg Create Success!!
I, [2015-06-12 03:20:49#5687]  INFO -- : SUCCESS, Image /ROR/image/admin/34/00002.jpg Create Success!!
I, [2015-06-12 03:20:49#5687]  INFO -- : SUCCESS, Image /ROR/image/admin/144/00001.jpg Create Success!!
I, [2015-06-12 03:20:49#5687]  INFO -- : SUCCESS, Image /ROR/image/admin/188/00002.jpg Create Success!!
I, [2015-06-12 03:20:49#5687]  INFO -- : SUCCESS, Image /ROR/image/admin/95/00002.jpg Create Success!!
I, [2015-06-12 03:20:49#5687]  INFO -- : SUCCESS, Image /ROR/image/admin/116/00002.jpg Create Success!!
I, [2015-06-12 03:20:49#5687]  INFO -- : SUCCESS, Image /ROR/image/admin/121/00001.jpg Create Success!!
I, [2015-06-12 03:20:49#5687]  INFO -- : SUCCESS, Image /ROR/image/admin/197/00002.jpg Create Success!!
I, [2015-06-12 03:20:49#5687]  INFO -- : SUCCESS, Image /ROR/image/admin/115/00001.jpg Create Success!!
I, [2015-06-12 03:20:49#5687]  INFO -- : SUCCESS, Image /ROR/image/admin/42/00002.jpg Create Success!!
I, [2015-06-12 03:20:50#5687]  INFO -- : SUCCESS, Image /ROR/image/admin/31/00002.jpg Create Success!!
I, [2015-06-12 03:20:50#5687]  INFO -- : SUCCESS, Image /ROR/image/admin/134/00002.jpg Create Success!!
I, [2015-06-12 03:20:50#5687]  INFO -- : SUCCESS, Image /ROR/image/admin/37/00002.jpg Create Success!!
I, [2015-06-12 03:20:50#5687]  INFO -- : SUCCESS, Image /ROR/image/admin/1/00002.jpg Create Success!!
I, [2015-06-12 03:20:50#5687]  INFO -- : SUCCESS, Image /ROR/image/admin/2/00002.jpg Create Success!!
I, [2015-06-12 03:20:50#5687]  INFO -- : SUCCESS, Image /ROR/image/admin/0/00002.jpg Create Success!!
I, [2015-06-12 03:20:50#5687]  INFO -- : SUCCESS, Image /ROR/image/admin/154/00002.jpg Create Success!!
I, [2015-06-12 03:20:50#5687]  INFO -- : SUCCESS, Image /ROR/image/admin/88/00002.jpg Create Success!!
I, [2015-06-12 03:20:50#5687]  INFO -- : SUCCESS, Image /ROR/image/admin/25/00001.jpg Create Success!!
I, [2015-06-12 03:20:50#5687]  INFO -- : SUCCESS, Image /ROR/image/admin/159/00001.jpg Create Success!!
I, [2015-06-12 03:20:51#5687]  INFO -- : SUCCESS, Image /ROR/image/admin/173/00002.jpg Create Success!!
I, [2015-06-12 03:20:51#5687]  INFO -- : SUCCESS, Image /ROR/image/admin/100/00002.jpg Create Success!!
I, [2015-06-12 03:20:51#5687]  INFO -- : SUCCESS, Image /ROR/image/admin/182/00002.jpg Create Success!!
I, [2015-06-12 03:20:51#5687]  INFO -- : SUCCESS, Image /ROR/image/admin/71/00002.jpg Create Success!!
I, [2015-06-12 03:20:51#5687]  INFO -- : SUCCESS, Image /ROR/image/admin/162/00002.jpg Create Success!!
I, [2015-06-12 03:20:51#5687]  INFO -- : SUCCESS, Image /ROR/image/admin/185/00002.jpg Create Success!!
I, [2015-06-12 03:20:51#5687]  INFO -- : SUCCESS, Image /ROR/image/admin/117/00002.jpg Create Success!!
I, [2015-06-12 03:20:51#5687]  INFO -- : SUCCESS, Image /ROR/image/admin/170/00002.jpg Create Success!!
I, [2015-06-12 03:20:52#5687]  INFO -- : SUCCESS, Image /ROR/image/admin/180/00002.jpg Create Success!!
I, [2015-06-12 03:20:59#5687]  INFO -- : SUCCESS, /ROR/image/admin/1/00002.jpg
I, [2015-06-12 04:08:56#7355]  INFO -- : SUCCESS, /ROR/image/admin/1/00002.jpg
I, [2015-06-12 04:10:49#7361]  INFO -- : SUCCESS, /ROR/image/admin/1/00002.jpg
I, [2015-06-12 05:50:16#7361]  INFO -- : ERROR, No image for user:admin, album:555!!
I, [2015-06-12 05:51:20#7361]  INFO -- : ERROR, No image for user:admin, album:555!!
I, [2015-06-12 05:52:06#7361]  INFO -- : ERROR, No image for user:admin, album:555!!
I, [2015-06-12 06:09:52#7438]  INFO -- : SUCCESS, /ROR/image/admin/1/00001.jpg
I, [2015-06-12 06:10:15#7438]  INFO -- : ERROR, No image for user:admin, album:1!!
I, [2015-06-12 06:10:43#7438]  INFO -- : ERROR, Wrong user name admin1!!
